# JRE version: Java(TM) SE Runtime Environment (8.0_281-b09) (build 1.8.0_281-b09)
# Java VM: Java HotSpot(TM) 64-Bit Server VM (25.281-b09 mixed mode windows-amd64 compressed oops)
Heap:
 PSYoungGen      total 151552K, used 9717K [0x0000000716e00000, 0x0000000721700000, 0x00000007c0000000)
  eden space 130048K, 1% used [0x0000000716e00000,0x000000071701df18,0x000000071ed00000)
  from space 21504K, 35% used [0x0000000720200000,0x000000072095f540,0x0000000721700000)
  to   space 21504K, 0% used [0x000000071ed00000,0x000000071ed00000,0x0000000720200000)
 ParOldGen       total 232448K, used 13991K [0x00000005c4a00000, 0x00000005d2d00000, 0x0000000716e00000)
  object space 232448K, 6% used [0x00000005c4a00000,0x00000005c57a9e78,0x00000005d2d00000)
 Metaspace       used 29199K, capacity 30360K, committed 30464K, reserved 1075200K
  class space    used 3553K, capacity 3795K, committed 3840K, reserved 1048576K
GC Heap History (6 events):
Event: 1.212 GC heap before
{Heap before GC invocations=1 (full 0):
 PSYoungGen      total 151552K, used 78182K [0x0000000716e00000, 0x0000000721700000, 0x00000007c0000000)
  eden space 130048K, 60% used [0x0000000716e00000,0x000000071ba59998,0x000000071ed00000)
  from space 21504K, 0% used [0x0000000720200000,0x0000000720200000,0x0000000721700000)
  to   space 21504K, 0% used [0x000000071ed00000,0x000000071ed00000,0x0000000720200000)
 ParOldGen       total 347136K, used 0K [0x00000005c4a00000, 0x00000005d9d00000, 0x0000000716e00000)
  object space 347136K, 0% used [0x00000005c4a00000,0x00000005c4a00000,0x00000005d9d00000)
 Metaspace       used 20235K, capacity 21184K, committed 21296K, reserved 1069056K
  class space    used 2408K, capacity 2618K, committed 2688K, reserved 1048576K
Event: 1.221 GC heap after
Heap after GC invocations=1 (full 0):
 PSYoungGen      total 151552K, used 14842K [0x0000000716e00000, 0x0000000721700000, 0x00000007c0000000)
  eden space 130048K, 0% used [0x0000000716e00000,0x0000000716e00000,0x000000071ed00000)
  from space 21504K, 69% used [0x000000071ed00000,0x000000071fb7e818,0x0000000720200000)
  to   space 21504K, 0% used [0x0000000720200000,0x0000000720200000,0x0000000721700000)
 ParOldGen       total 347136K, used 24K [0x00000005c4a00000, 0x00000005d9d00000, 0x0000000716e00000)
  object space 347136K, 0% used [0x00000005c4a00000,0x00000005c4a06000,0x00000005d9d00000)
 Metaspace       used 20235K, capacity 21184K, committed 21296K, reserved 1069056K
  class space    used 2408K, capacity 2618K, committed 2688K, reserved 1048576K
}
Event: 1.222 GC heap before
{Heap before GC invocations=2 (full 1):
 PSYoungGen      total 151552K, used 14842K [0x0000000716e00000, 0x0000000721700000, 0x00000007c0000000)
  eden space 130048K, 0% used [0x0000000716e00000,0x0000000716e00000,0x000000071ed00000)
  from space 21504K, 69% used [0x000000071ed00000,0x000000071fb7e818,0x0000000720200000)
  to   space 21504K, 0% used [0x0000000720200000,0x0000000720200000,0x0000000721700000)
 ParOldGen       total 347136K, used 24K [0x00000005c4a00000, 0x00000005d9d00000, 0x0000000716e00000)
  object space 347136K, 0% used [0x00000005c4a00000,0x00000005c4a06000,0x00000005d9d00000)
 Metaspace       used 20235K, capacity 21184K, committed 21296K, reserved 1069056K
  class space    used 2408K, capacity 2618K, committed 2688K, reserved 1048576K
Event: 1.241 GC heap after
Heap after GC invocations=2 (full 1):
 PSYoungGen      total 151552K, used 0K [0x0000000716e00000, 0x0000000721700000, 0x00000007c0000000)
  eden space 130048K, 0% used [0x0000000716e00000,0x0000000716e00000,0x000000071ed00000)
  from space 21504K, 0% used [0x000000071ed00000,0x000000071ed00000,0x0000000720200000)
  to   space 21504K, 0% used [0x0000000720200000,0x0000000720200000,0x0000000721700000)
 ParOldGen       total 232448K, used 13983K [0x00000005c4a00000, 0x00000005d2d00000, 0x0000000716e00000)
  object space 232448K, 6% used [0x00000005c4a00000,0x00000005c57a7e78,0x00000005d2d00000)
 Metaspace       used 20235K, capacity 21184K, committed 21296K, reserved 1069056K
  class space    used 2408K, capacity 2618K, committed 2688K, reserved 1048576K
}
Event: 4499.201 GC heap before
{Heap before GC invocations=3 (full 1):
 PSYoungGen      total 151552K, used 130048K [0x0000000716e00000, 0x0000000721700000, 0x00000007c0000000)
  eden space 130048K, 100% used [0x0000000716e00000,0x000000071ed00000,0x000000071ed00000)
  from space 21504K, 0% used [0x000000071ed00000,0x000000071ed00000,0x0000000720200000)
  to   space 21504K, 0% used [0x0000000720200000,0x0000000720200000,0x0000000721700000)
 ParOldGen       total 232448K, used 13983K [0x00000005c4a00000, 0x00000005d2d00000, 0x0000000716e00000)
  object space 232448K, 6% used [0x00000005c4a00000,0x00000005c57a7e78,0x00000005d2d00000)
 Metaspace       used 29195K, capacity 30360K, committed 30464K, reserved 1075200K
  class space    used 3552K, capacity 3795K, committed 3840K, reserved 1048576K
Event: 4499.212 GC heap after
Heap after GC invocations=3 (full 1):
 PSYoungGen      total 151552K, used 7549K [0x0000000716e00000, 0x0000000721700000, 0x00000007c0000000)
  eden space 130048K, 0% used [0x0000000716e00000,0x0000000716e00000,0x000000071ed00000)
  from space 21504K, 35% used [0x0000000720200000,0x000000072095f540,0x0000000721700000)
  to   space 21504K, 0% used [0x000000071ed00000,0x000000071ed00000,0x0000000720200000)
 ParOldGen       total 232448K, used 13991K [0x00000005c4a00000, 0x00000005d2d00000, 0x0000000716e00000)
  object space 232448K, 6% used [0x00000005c4a00000,0x00000005c57a9e78,0x00000005d2d00000)
 Metaspace       used 29195K, capacity 30360K, committed 30464K, reserved 1075200K
  class space    used 3552K, capacity 3795K, committed 3840K, reserved 1048576K
}

