<?xml version="1.0" encoding="UTF-8"?>
<testsuite xmlns:xsi="http://www.w3.org/2001/XMLSchema-instance" xsi:noNamespaceSchemaLocation="https://maven.apache.org/surefire/maven-surefire-plugin/xsd/surefire-test-report-3.0.xsd" version="3.0" name="com.tests.UserInterface.UiTests" time="64.778" tests="3" errors="0" skipped="0" failures="0">
  <properties>
[...]
</properties>
  <testcase name="checkGuiReaction" classname="com.tests.UserInterface.UiTests" time="22.468">
    <system-out><![CDATA[Ini file created.
Open WinAppDriver.exe

Ini file removed
Notepads closed
]]></system-out>
  </testcase>
  <testcase name="checkAutoNozzleCheckElementsDisabled" classname="com.tests.UserInterface.UiTests" time="21.451">
    <system-out><![CDATA[Ini file created.
Open WinAppDriver.exe

Disabled nozzle self-test
Ini file removed
Notepads closed
]]></system-out>
  </testcase>
  <testcase name="checkAutoNozzleCheckElementsEnabled" classname="com.tests.UserInterface.UiTests" time="20.846">
    <system-out><![CDATA[Ini file created.
Open WinAppDriver.exe

Already Selected
Ini file removed
Notepads closed
]]></system-out>
  </testcase>
</testsuite>